chatter/build/app/intermediates/manifest_merge_blame_file/debug/manifest-merger-blame-debug-report.txt
1<?xml version="1.0" encoding="utf-8"?>
2<manifest xmlns:android="http://schemas.android.com/apk/res/android"
3    package="com.sela.app"
4    android:versionCode="1"
5    android:versionName="1.0.0" >
6
7    <uses-sdk
8        android:minSdkVersion="21"
9        android:targetSdkVersion="31" />
10    <!--
11         The INTERNET permission is required for development. Specifically,
12         the Flutter tool needs it to communicate with the running application
13         to allow setting breakpoints, to provide hot reload, etc.
14    -->
15    <uses-permission android:name="android.permission.INTERNET" />
15-->src/main/AndroidManifest.xml:5:5-66
15-->src/main/AndroidManifest.xml:5:22-64
16    <uses-permission android:name="android.permission.READ_CONTACTS" />
16-->src/main/AndroidManifest.xml:3:5-71
16-->src/main/AndroidManifest.xml:3:22-69
17    <uses-permission android:name="android.permission.WRITE_CONTACTS" />
17-->src/main/AndroidManifest.xml:4:5-72
17-->src/main/AndroidManifest.xml:4:22-70
18    <uses-permission android:name="android.permission.CAMERA" />
18-->src/main/AndroidManifest.xml:6:5-64
18-->src/main/AndroidManifest.xml:6:22-62
19    <uses-permission android:name="android.permission.WRITE_EXTERNAL_STORAGE" />
19-->src/main/AndroidManifest.xml:7:5-81
19-->src/main/AndroidManifest.xml:7:22-78
20    <uses-permission android:name="android.permission.READ_EXTERNAL_STORAGE" />
20-->src/main/AndroidManifest.xml:8:5-80
20-->src/main/AndroidManifest.xml:8:22-77
21    <uses-permission android:name="android.permission.ACCESS_COARSE_LOCATION" />
21-->src/main/AndroidManifest.xml:9:5-80
21-->src/main/AndroidManifest.xml:9:22-78
22    <uses-permission android:name="android.permission.ACCESS_FINE_LOCATION" />
22-->src/main/AndroidManifest.xml:10:5-78
22-->src/main/AndroidManifest.xml:10:22-76
23    <uses-permission android:name="android.permission.ACCESS_BACKGROUND_LOCATION" />
23-->src/main/AndroidManifest.xml:11:5-84
23-->src/main/AndroidManifest.xml:11:22-82
24    <uses-permission android:name="android.permission.RECORD_AUDIO" />
24-->src/main/AndroidManifest.xml:12:5-70
24-->src/main/AndroidManifest.xml:12:22-68
25    <uses-permission android:name="android.permission.BLUETOOTH_CONNECT" />
25-->[:speech_to_text] AndroidManifest.xml:9:5-76
25-->[:speech_to_text] AndroidManifest.xml:9:22-73
26
27    <queries>
27-->[:file_picker] AndroidManifest.xml:11:5-17:15
28        <intent>
28-->[:file_picker] AndroidManifest.xml:12:9-16:18
29            <action android:name="android.intent.action.GET_CONTENT" />
29-->[:file_picker] AndroidManifest.xml:13:13-72
29-->[:file_picker] AndroidManifest.xml:13:21-69
30
31            <data android:mimeType="*/*" />
31-->[:file_picker] AndroidManifest.xml:15:13-44
31-->[:file_picker] AndroidManifest.xml:15:19-41
32        </intent>
33        <intent>
33-->[androidx.media2:media2-session:1.2.0] AndroidManifest.xml:25:9-27:18
34            <action android:name="android.media.browse.MediaBrowserService" />
34-->[androidx.media2:media2-session:1.2.0] AndroidManifest.xml:26:13-79
34-->[androidx.media2:media2-session:1.2.0] AndroidManifest.xml:26:21-76
35        </intent>
36        <intent>
36-->[androidx.media2:media2-session:1.2.0] AndroidManifest.xml:28:9-30:18
37            <action android:name="androidx.media2.session.MediaSessionService" />
37-->[androidx.media2:media2-session:1.2.0] AndroidManifest.xml:29:13-82
37-->[androidx.media2:media2-session:1.2.0] AndroidManifest.xml:29:21-79
38        </intent>
39        <intent>
39-->[androidx.media2:media2-session:1.2.0] AndroidManifest.xml:31:9-33:18
40            <action android:name="androidx.media2.session.MediaLibraryService" />
40-->[androidx.media2:media2-session:1.2.0] AndroidManifest.xml:32:13-82
40-->[androidx.media2:media2-session:1.2.0] AndroidManifest.xml:32:21-79
41        </intent>
42    </queries>
43
44    <uses-permission android:name="android.permission.ACCESS_NETWORK_STATE" />
44-->[:connectivity_plus] AndroidManifest.xml:9:5-79
44-->[:connectivity_plus] AndroidManifest.xml:9:22-76
45    <uses-permission android:name="android.permission.WAKE_LOCK" /> <!-- Required by older versions of Google Play services to create IID tokens -->
45-->[com.google.firebase:firebase-iid:21.1.0] AndroidManifest.xml:24:5-68
45-->[com.google.firebase:firebase-iid:21.1.0] AndroidManifest.xml:24:22-65
46    <uses-permission android:name="com.google.android.c2dm.permission.RECEIVE" />
46-->[com.google.firebase:firebase-iid:21.1.0] AndroidManifest.xml:26:5-82
46-->[com.google.firebase:firebase-iid:21.1.0] AndroidManifest.xml:26:22-79
47
48    <application
49        android:name="android.app.Application"
50        android:appComponentFactory="androidx.core.app.CoreComponentFactory"
50-->[androidx.core:core:1.8.0] AndroidManifest.xml:24:18-86
51        android:debuggable="true"
52        android:icon="@mipmap/ic_launcher"
53        android:label="BKZalo"
54        android:usesCleartextTraffic="true" >
54-->[:cloud_functions] AndroidManifest.xml:11:9-44
55        <activity
56            android:name="com.sela.app.MainActivity"
57            android:configChanges="orientation|keyboardHidden|keyboard|screenSize|smallestScreenSize|locale|layoutDirection|fontScale|screenLayout|density|uiMode"
58            android:exported="true"
59            android:hardwareAccelerated="true"
60            android:launchMode="singleTop"
61            android:theme="@style/LaunchTheme"
62            android:windowSoftInputMode="adjustResize" >
63
64            <!--
65                 Specifies an Android theme to apply to this Activity as soon as
66                 the Android process has started. This theme is visible to the user
67                 while the Flutter UI initializes. After that, this theme continues
68                 to determine the Window background behind the Flutter UI.
69            -->
70            <meta-data
71                android:name="io.flutter.embedding.android.NormalTheme"
72                android:resource="@style/NormalTheme" />
73
74            <intent-filter>
75                <action android:name="android.intent.action.MAIN" />
76
77                <category android:name="android.intent.category.LAUNCHER" />
78            </intent-filter>
79        </activity>
80        <!-- Provide required visibility configuration for API level 30 and above -->
81
82
83        <!--
84             Don't delete the meta-data below.
85             This is used by the Flutter tool to generate GeneratedPluginRegistrant.java
86        -->
87        <meta-data
88            android:name="flutterEmbedding"
89            android:value="2" />
90
91        <service
91-->[:cloud_functions] AndroidManifest.xml:13:9-17:19
92            android:name="com.google.firebase.components.ComponentDiscoveryService"
92-->[:cloud_functions] AndroidManifest.xml:13:18-89
93            android:directBootAware="true"
93-->[com.google.firebase:firebase-common:20.1.1] AndroidManifest.xml:35:13-43
94            android:exported="false" >
94-->[com.google.firebase:firebase-functions:20.1.0] AndroidManifest.xml:17:13-37
95            <meta-data
95-->[:cloud_functions] AndroidManifest.xml:14:13-16:85
96                android:name="com.google.firebase.components:io.flutter.plugins.firebase.functions.FlutterFirebaseAppRegistrar"
96-->[:cloud_functions] AndroidManifest.xml:15:17-128
97                android:value="com.google.firebase.components.ComponentRegistrar" />
97-->[:cloud_functions] AndroidManifest.xml:16:17-82
98            <meta-data
98-->[:firebase_auth] AndroidManifest.xml:11:13-13:85
99                android:name="com.google.firebase.components:io.flutter.plugins.firebase.auth.FlutterFirebaseAuthRegistrar"
99-->[:firebase_auth] AndroidManifest.xml:12:17-124
100                android:value="com.google.firebase.components.ComponentRegistrar" />
100-->[:firebase_auth] AndroidManifest.xml:13:17-82
101            <meta-data
101-->[:firebase_core] AndroidManifest.xml:11:13-13:85
102                android:name="com.google.firebase.components:io.flutter.plugins.firebase.core.FlutterFirebaseCoreRegistrar"
102-->[:firebase_core] AndroidManifest.xml:12:17-124
103                android:value="com.google.firebase.components.ComponentRegistrar" />
103-->[:firebase_core] AndroidManifest.xml:13:17-82
104            <meta-data
104-->[com.google.firebase:firebase-functions:20.1.0] AndroidManifest.xml:18:13-20:85
105                android:name="com.google.firebase.components:com.google.firebase.functions.FunctionsRegistrar"
105-->[com.google.firebase:firebase-functions:20.1.0] AndroidManifest.xml:19:17-111
106                android:value="com.google.firebase.components.ComponentRegistrar" />
106-->[com.google.firebase:firebase-functions:20.1.0] AndroidManifest.xml:20:17-82
107            <meta-data
107-->[com.google.firebase:firebase-auth:21.0.5] AndroidManifest.xml:67:13-69:85
108                android:name="com.google.firebase.components:com.google.firebase.auth.FirebaseAuthRegistrar"
108-->[com.google.firebase:firebase-auth:21.0.5] AndroidManifest.xml:68:17-109
109                android:value="com.google.firebase.components.ComponentRegistrar" />
109-->[com.google.firebase:firebase-auth:21.0.5] AndroidManifest.xml:69:17-82
110            <meta-data
110-->[com.google.firebase:firebase-iid:21.1.0] AndroidManifest.xml:32:13-34:85
111                android:name="com.google.firebase.components:com.google.firebase.iid.Registrar"
111-->[com.google.firebase:firebase-iid:21.1.0] AndroidManifest.xml:33:17-96
112                android:value="com.google.firebase.components.ComponentRegistrar" />
112-->[com.google.firebase:firebase-iid:21.1.0] AndroidManifest.xml:34:17-82
113            <meta-data
113-->[com.google.firebase:firebase-installations:17.0.1] AndroidManifest.xml:18:13-20:85
114                android:name="com.google.firebase.components:com.google.firebase.installations.FirebaseInstallationsRegistrar"
114-->[com.google.firebase:firebase-installations:17.0.1] AndroidManifest.xml:19:17-127
115                android:value="com.google.firebase.components.ComponentRegistrar" />
115-->[com.google.firebase:firebase-installations:17.0.1] AndroidManifest.xml:20:17-82
116        </service>
117
118        <provider
118-->[:image_picker_android] AndroidManifest.xml:10:9-18:20
119            android:name="io.flutter.plugins.imagepicker.ImagePickerFileProvider"
119-->[:image_picker_android] AndroidManifest.xml:11:13-82
120            android:authorities="com.sela.app.flutter.image_provider"
120-->[:image_picker_android] AndroidManifest.xml:12:13-74
121            android:exported="false"
121-->[:image_picker_android] AndroidManifest.xml:13:13-37
122            android:grantUriPermissions="true" >
122-->[:image_picker_android] AndroidManifest.xml:14:13-47
123            <meta-data
123-->[:image_picker_android] AndroidManifest.xml:15:13-17:75
124                android:name="android.support.FILE_PROVIDER_PATHS"
124-->[:image_picker_android] AndroidManifest.xml:16:17-67
125                android:resource="@xml/flutter_image_picker_file_paths" />
125-->[:image_picker_android] AndroidManifest.xml:17:17-72
126        </provider>
127
128        <activity
128-->[:url_launcher_android] AndroidManifest.xml:10:9-13:74
129            android:name="io.flutter.plugins.urllauncher.WebViewActivity"
129-->[:url_launcher_android] AndroidManifest.xml:11:13-74
130            android:exported="false"
130-->[:url_launcher_android] AndroidManifest.xml:12:13-37
131            android:theme="@android:style/Theme.NoTitleBar.Fullscreen" />
131-->[:url_launcher_android] AndroidManifest.xml:13:13-71
132
133        <provider
133-->[:share_plus] AndroidManifest.xml:10:9-18:20
134            android:name="dev.fluttercommunity.plus.share.ShareFileProvider"
134-->[:share_plus] AndroidManifest.xml:11:13-77
135            android:authorities="com.sela.app.flutter.share_provider"
135-->[:share_plus] AndroidManifest.xml:12:13-74
136            android:exported="false"
136-->[:share_plus] AndroidManifest.xml:13:13-37
137            android:grantUriPermissions="true" >
137-->[:share_plus] AndroidManifest.xml:14:13-47
138            <meta-data
138-->[:image_picker_android] AndroidManifest.xml:15:13-17:75
139                android:name="android.support.FILE_PROVIDER_PATHS"
139-->[:image_picker_android] AndroidManifest.xml:16:17-67
140                android:resource="@xml/flutter_share_file_paths" />
140-->[:image_picker_android] AndroidManifest.xml:17:17-72
141        </provider>
142
143        <uses-library
143-->[androidx.window:window:1.0.0-beta04] AndroidManifest.xml:25:9-27:40
144            android:name="androidx.window.extensions"
144-->[androidx.window:window:1.0.0-beta04] AndroidManifest.xml:26:13-54
145            android:required="false" />
145-->[androidx.window:window:1.0.0-beta04] AndroidManifest.xml:27:13-37
146        <uses-library
146-->[androidx.window:window:1.0.0-beta04] AndroidManifest.xml:28:9-30:40
147            android:name="androidx.window.sidecar"
147-->[androidx.window:window:1.0.0-beta04] AndroidManifest.xml:29:13-51
148            android:required="false" />
148-->[androidx.window:window:1.0.0-beta04] AndroidManifest.xml:30:13-37
149
150        <activity
150-->[com.google.firebase:firebase-auth:21.0.5] AndroidManifest.xml:27:9-44:20
151            android:name="com.google.firebase.auth.internal.GenericIdpActivity"
151-->[com.google.firebase:firebase-auth:21.0.5] AndroidManifest.xml:28:13-80
152            android:excludeFromRecents="true"
152-->[com.google.firebase:firebase-auth:21.0.5] AndroidManifest.xml:29:13-46
153            android:exported="true"
153-->[com.google.firebase:firebase-auth:21.0.5] AndroidManifest.xml:30:13-36
154            android:launchMode="singleTask"
154-->[com.google.firebase:firebase-auth:21.0.5] AndroidManifest.xml:31:13-44
155            android:theme="@android:style/Theme.Translucent.NoTitleBar" >
155-->[com.google.firebase:firebase-auth:21.0.5] AndroidManifest.xml:32:13-72
156            <intent-filter>
156-->[com.google.firebase:firebase-auth:21.0.5] AndroidManifest.xml:33:13-43:29
157                <action android:name="android.intent.action.VIEW" />
157-->[com.google.firebase:firebase-auth:21.0.5] AndroidManifest.xml:34:17-69
157-->[com.google.firebase:firebase-auth:21.0.5] AndroidManifest.xml:34:25-66
158
159                <category android:name="android.intent.category.DEFAULT" />
159-->[com.google.firebase:firebase-auth:21.0.5] AndroidManifest.xml:36:17-76
159-->[com.google.firebase:firebase-auth:21.0.5] AndroidManifest.xml:36:27-73
160                <category android:name="android.intent.category.BROWSABLE" />
160-->[com.google.firebase:firebase-auth:21.0.5] AndroidManifest.xml:37:17-78
160-->[com.google.firebase:firebase-auth:21.0.5] AndroidManifest.xml:37:27-75
161
162                <data
162-->[:file_picker] AndroidManifest.xml:15:13-44
163                    android:host="firebase.auth"
164                    android:path="/"
165                    android:scheme="genericidp" />
166            </intent-filter>
167        </activity>
168        <activity
168-->[com.google.firebase:firebase-auth:21.0.5] AndroidManifest.xml:45:9-62:20
169            android:name="com.google.firebase.auth.internal.RecaptchaActivity"
169-->[com.google.firebase:firebase-auth:21.0.5] AndroidManifest.xml:46:13-79
170            android:excludeFromRecents="true"
170-->[com.google.firebase:firebase-auth:21.0.5] AndroidManifest.xml:47:13-46
171            android:exported="true"
171-->[com.google.firebase:firebase-auth:21.0.5] AndroidManifest.xml:48:13-36
172            android:launchMode="singleTask"
172-->[com.google.firebase:firebase-auth:21.0.5] AndroidManifest.xml:49:13-44
173            android:theme="@android:style/Theme.Translucent.NoTitleBar" >
173-->[com.google.firebase:firebase-auth:21.0.5] AndroidManifest.xml:50:13-72
174            <intent-filter>
174-->[com.google.firebase:firebase-auth:21.0.5] AndroidManifest.xml:51:13-61:29
175                <action android:name="android.intent.action.VIEW" />
175-->[com.google.firebase:firebase-auth:21.0.5] AndroidManifest.xml:34:17-69
175-->[com.google.firebase:firebase-auth:21.0.5] AndroidManifest.xml:34:25-66
176
177                <category android:name="android.intent.category.DEFAULT" />
177-->[com.google.firebase:firebase-auth:21.0.5] AndroidManifest.xml:36:17-76
177-->[com.google.firebase:firebase-auth:21.0.5] AndroidManifest.xml:36:27-73
178                <category android:name="android.intent.category.BROWSABLE" />
178-->[com.google.firebase:firebase-auth:21.0.5] AndroidManifest.xml:37:17-78
178-->[com.google.firebase:firebase-auth:21.0.5] AndroidManifest.xml:37:27-75
179
180                <data
180-->[:file_picker] AndroidManifest.xml:15:13-44
181                    android:host="firebase.auth"
182                    android:path="/"
183                    android:scheme="recaptcha" />
184            </intent-filter>
185        </activity>
186
187        <provider
187-->[com.google.firebase:firebase-common:20.1.1] AndroidManifest.xml:26:9-31:39
188            android:name="com.google.firebase.provider.FirebaseInitProvider"
188-->[com.google.firebase:firebase-common:20.1.1] AndroidManifest.xml:27:13-77
189            android:authorities="com.sela.app.firebaseinitprovider"
189-->[com.google.firebase:firebase-common:20.1.1] AndroidManifest.xml:28:13-72
190            android:directBootAware="true"
190-->[com.google.firebase:firebase-common:20.1.1] AndroidManifest.xml:29:13-43
191            android:exported="false"
191-->[com.google.firebase:firebase-common:20.1.1] AndroidManifest.xml:30:13-37
192            android:initOrder="100" />
192-->[com.google.firebase:firebase-common:20.1.1] AndroidManifest.xml:31:13-36
193
194        <activity
194-->[com.google.android.gms:play-services-base:18.0.1] AndroidManifest.xml:20:9-22:45
195            android:name="com.google.android.gms.common.api.GoogleApiActivity"
195-->[com.google.android.gms:play-services-base:18.0.1] AndroidManifest.xml:20:19-85
196            android:exported="false"
196-->[com.google.android.gms:play-services-base:18.0.1] AndroidManifest.xml:22:19-43
197            android:theme="@android:style/Theme.Translucent.NoTitleBar" />
197-->[com.google.android.gms:play-services-base:18.0.1] AndroidManifest.xml:21:19-78
198
199        <meta-data
199-->[com.google.android.gms:play-services-basement:18.0.0] AndroidManifest.xml:21:9-23:69
200            android:name="com.google.android.gms.version"
200-->[com.google.android.gms:play-services-basement:18.0.0] AndroidManifest.xml:22:13-58
201            android:value="@integer/google_play_services_version" />
201-->[com.google.android.gms:play-services-basement:18.0.0] AndroidManifest.xml:23:13-66
202    </application>
203
204</manifest>